CRITICAL - 2022-04-28 04:28:54 --> Invalid file: dasboard.php
#0 C:\xampp\htdocs\codeigniter4\system\View\View.php(198): CodeIgniter\Exceptions\FrameworkException::forInvalidFile('dasboard.php')
#1 C:\xampp\htdocs\codeigniter4\system\Common.php(1089): CodeIgniter\View\View->render('dasboard', Array, true)
#2 C:\xampp\htdocs\codeigniter4\app\Controllers\Home.php(9): view('dasboard')
#3 C:\xampp\htdocs\codeigniter4\system\CodeIgniter.php(832): App\Controllers\Home->index()
#4 C:\xampp\htdocs\codeigniter4\system\CodeIgniter.php(419): CodeIgniter\CodeIgniter->runController(Object(App\Controllers\Home))
#5 C:\xampp\htdocs\codeigniter4\system\CodeIgniter.php(326): CodeIgniter\CodeIgniter->handleRequest(NULL, Object(Config\Cache), false)
#6 C:\xampp\htdocs\codeigniter4\public\index.php(37): CodeIgniter\CodeIgniter->run()
#7 C:\xampp\htdocs\codeigniter4\system\Commands\Server\rewrite.php(43): require_once('C:\\xampp\\htdocs...')
#8 {main}
CRITICAL - 2022-04-28 04:28:56 --> Invalid file: dasboard.php
#0 C:\xampp\htdocs\codeigniter4\system\View\View.php(198): CodeIgniter\Exceptions\FrameworkException::forInvalidFile('dasboard.php')
#1 C:\xampp\htdocs\codeigniter4\system\Common.php(1089): CodeIgniter\View\View->render('dasboard', Array, true)
#2 C:\xampp\htdocs\codeigniter4\app\Controllers\Home.php(9): view('dasboard')
#3 C:\xampp\htdocs\codeigniter4\system\CodeIgniter.php(832): App\Controllers\Home->index()
#4 C:\xampp\htdocs\codeigniter4\system\CodeIgniter.php(419): CodeIgniter\CodeIgniter->runController(Object(App\Controllers\Home))
#5 C:\xampp\htdocs\codeigniter4\system\CodeIgniter.php(326): CodeIgniter\CodeIgniter->handleRequest(NULL, Object(Config\Cache), false)
#6 C:\xampp\htdocs\codeigniter4\public\index.php(37): CodeIgniter\CodeIgniter->run()
#7 C:\xampp\htdocs\codeigniter4\system\Commands\Server\rewrite.php(43): require_once('C:\\xampp\\htdocs...')
#8 {main}
CRITICAL - 2022-04-28 04:28:59 --> Invalid file: dasboard.php
#0 C:\xampp\htdocs\codeigniter4\system\View\View.php(198): CodeIgniter\Exceptions\FrameworkException::forInvalidFile('dasboard.php')
#1 C:\xampp\htdocs\codeigniter4\system\Common.php(1089): CodeIgniter\View\View->render('dasboard', Array, true)
#2 C:\xampp\htdocs\codeigniter4\app\Controllers\Home.php(9): view('dasboard')
#3 C:\xampp\htdocs\codeigniter4\system\CodeIgniter.php(832): App\Controllers\Home->index()
#4 C:\xampp\htdocs\codeigniter4\system\CodeIgniter.php(419): CodeIgniter\CodeIgniter->runController(Object(App\Controllers\Home))
#5 C:\xampp\htdocs\codeigniter4\system\CodeIgniter.php(326): CodeIgniter\CodeIgniter->handleRequest(NULL, Object(Config\Cache), false)
#6 C:\xampp\htdocs\codeigniter4\public\index.php(37): CodeIgniter\CodeIgniter->run()
#7 C:\xampp\htdocs\codeigniter4\system\Commands\Server\rewrite.php(43): require_once('C:\\xampp\\htdocs...')
#8 {main}
CRITICAL - 2022-04-28 04:29:01 --> Invalid file: dasboard.php
#0 C:\xampp\htdocs\codeigniter4\system\View\View.php(198): CodeIgniter\Exceptions\FrameworkException::forInvalidFile('dasboard.php')
#1 C:\xampp\htdocs\codeigniter4\system\Common.php(1089): CodeIgniter\View\View->render('dasboard', Array, true)
#2 C:\xampp\htdocs\codeigniter4\app\Controllers\Home.php(9): view('dasboard')
#3 C:\xampp\htdocs\codeigniter4\system\CodeIgniter.php(832): App\Controllers\Home->index()
#4 C:\xampp\htdocs\codeigniter4\system\CodeIgniter.php(419): CodeIgniter\CodeIgniter->runController(Object(App\Controllers\Home))
#5 C:\xampp\htdocs\codeigniter4\system\CodeIgniter.php(326): CodeIgniter\CodeIgniter->handleRequest(NULL, Object(Config\Cache), false)
#6 C:\xampp\htdocs\codeigniter4\public\index.php(37): CodeIgniter\CodeIgniter->run()
#7 C:\xampp\htdocs\codeigniter4\system\Commands\Server\rewrite.php(43): require_once('C:\\xampp\\htdocs...')
#8 {main}
CRITICAL - 2022-04-28 04:29:06 --> Invalid file: dasboard.php
#0 C:\xampp\htdocs\codeigniter4\system\View\View.php(198): CodeIgniter\Exceptions\FrameworkException::forInvalidFile('dasboard.php')
#1 C:\xampp\htdocs\codeigniter4\system\Common.php(1089): CodeIgniter\View\View->render('dasboard', Array, true)
#2 C:\xampp\htdocs\codeigniter4\app\Controllers\Home.php(9): view('dasboard')
#3 C:\xampp\htdocs\codeigniter4\system\CodeIgniter.php(832): App\Controllers\Home->index()
#4 C:\xampp\htdocs\codeigniter4\system\CodeIgniter.php(419): CodeIgniter\CodeIgniter->runController(Object(App\Controllers\Home))
#5 C:\xampp\htdocs\codeigniter4\system\CodeIgniter.php(326): CodeIgniter\CodeIgniter->handleRequest(NULL, Object(Config\Cache), false)
#6 C:\xampp\htdocs\codeigniter4\public\index.php(37): CodeIgniter\CodeIgniter->run()
#7 C:\xampp\htdocs\codeigniter4\system\Commands\Server\rewrite.php(43): require_once('C:\\xampp\\htdocs...')
#8 {main}
CRITICAL - 2022-04-28 04:43:21 --> Invalid file: Dasboard.php
#0 C:\xampp\htdocs\codeigniter4\system\View\View.php(198): CodeIgniter\Exceptions\FrameworkException::forInvalidFile('Dasboard.php')
#1 C:\xampp\htdocs\codeigniter4\system\Common.php(1089): CodeIgniter\View\View->render('Dasboard', Array, true)
#2 C:\xampp\htdocs\codeigniter4\app\Controllers\Test.php(9): view('Dasboard')
#3 C:\xampp\htdocs\codeigniter4\system\CodeIgniter.php(832): App\Controllers\Test->index()
#4 C:\xampp\htdocs\codeigniter4\system\CodeIgniter.php(419): CodeIgniter\CodeIgniter->runController(Object(App\Controllers\Test))
#5 C:\xampp\htdocs\codeigniter4\system\CodeIgniter.php(326): CodeIgniter\CodeIgniter->handleRequest(NULL, Object(Config\Cache), false)
#6 C:\xampp\htdocs\codeigniter4\public\index.php(37): CodeIgniter\CodeIgniter->run()
#7 C:\xampp\htdocs\codeigniter4\system\Commands\Server\rewrite.php(43): require_once('C:\\xampp\\htdocs...')
#8 {main}
